Determining if the pthread_create exist failed with the following output:
Change Dir: /home/panpan/workspace/catkin_ws/src/ped_is_despot/src/HypDespot/build/CMakeFiles/CMakeTmp

Run Build Command:"/usr/bin/make" "cmTC_dcd5f/fast"
/usr/bin/make -f CMakeFiles/cmTC_dcd5f.dir/build.make CMakeFiles/cmTC_dcd5f.dir/build
make[1]: Entering directory '/home/panpan/workspace/catkin_ws/src/ped_is_despot/src/HypDespot/build/CMakeFiles/CMakeTmp'
Building C object CMakeFiles/cmTC_dcd5f.dir/CheckSymbolExists.c.o
/usr/bin/cc    -o CMakeFiles/cmTC_dcd5f.dir/CheckSymbolExists.c.o   -c /home/panpan/workspace/catkin_ws/src/ped_is_despot/src/HypDespot/build/CMakeFiles/CMakeTmp/CheckSymbolExists.c
Linking C executable cmTC_dcd5f
/usr/local/bin/cmake -E cmake_link_script CMakeFiles/cmTC_dcd5f.dir/link.txt --verbose=1
/usr/bin/cc      -rdynamic CMakeFiles/cmTC_dcd5f.dir/CheckSymbolExists.c.o  -o cmTC_dcd5f 
CMakeFiles/cmTC_dcd5f.dir/CheckSymbolExists.c.o: In function `main':
CheckSymbolExists.c:(.text+0x16): undefined reference to `pthread_create'
collect2: error: ld returned 1 exit status
CMakeFiles/cmTC_dcd5f.dir/build.make:97: recipe for target 'cmTC_dcd5f' failed
make[1]: *** [cmTC_dcd5f] Error 1
make[1]: Leaving directory '/home/panpan/workspace/catkin_ws/src/ped_is_despot/src/HypDespot/build/CMakeFiles/CMakeTmp'
Makefile:126: recipe for target 'cmTC_dcd5f/fast' failed
make: *** [cmTC_dcd5f/fast] Error 2

File /home/panpan/workspace/catkin_ws/src/ped_is_despot/src/HypDespot/build/CMakeFiles/CMakeTmp/CheckSymbolExists.c:
/* */
#include <pthread.h>

int main(int argc, char** argv)
{
  (void)argv;
#ifndef pthread_create
  return ((int*)(&pthread_create))[argc];
#else
  (void)argc;
  return 0;
#endif
}

Determining if the function pthread_create exists in the pthreads failed with the following output:
Change Dir: /home/panpan/workspace/catkin_ws/src/ped_is_despot/src/HypDespot/build/CMakeFiles/CMakeTmp

Run Build Command:"/usr/bin/make" "cmTC_5478c/fast"
/usr/bin/make -f CMakeFiles/cmTC_5478c.dir/build.make CMakeFiles/cmTC_5478c.dir/build
make[1]: Entering directory '/home/panpan/workspace/catkin_ws/src/ped_is_despot/src/HypDespot/build/CMakeFiles/CMakeTmp'
Building C object CMakeFiles/cmTC_5478c.dir/CheckFunctionExists.c.o
/usr/bin/cc   -DCHECK_FUNCTION_EXISTS=pthread_create   -o CMakeFiles/cmTC_5478c.dir/CheckFunctionExists.c.o   -c /usr/local/share/cmake-3.9/Modules/CheckFunctionExists.c
Linking C executable cmTC_5478c
/usr/local/bin/cmake -E cmake_link_script CMakeFiles/cmTC_5478c.dir/link.txt --verbose=1
/usr/bin/cc  -DCHECK_FUNCTION_EXISTS=pthread_create    -rdynamic CMakeFiles/cmTC_5478c.dir/CheckFunctionExists.c.o  -o cmTC_5478c -lpthreads 
/usr/bin/ld: cannot find -lpthreads
collect2: error: ld returned 1 exit status
CMakeFiles/cmTC_5478c.dir/build.make:97: recipe for target 'cmTC_5478c' failed
make[1]: *** [cmTC_5478c] Error 1
make[1]: Leaving directory '/home/panpan/workspace/catkin_ws/src/ped_is_despot/src/HypDespot/build/CMakeFiles/CMakeTmp'
Makefile:126: recipe for target 'cmTC_5478c/fast' failed
make: *** [cmTC_5478c/fast] Error 2


