Determining if the pthread_create exist failed with the following output:
Change Dir: /home/panpan/workspace/catkin_ws/src/ped_is_despot/src/planner/build/CMakeFiles/CMakeTmp

Run Build Command:"/usr/bin/make" "cmTC_03575/fast"
/usr/bin/make -f CMakeFiles/cmTC_03575.dir/build.make CMakeFiles/cmTC_03575.dir/build
make[1]: Entering directory '/home/panpan/workspace/catkin_ws/src/ped_is_despot/src/planner/build/CMakeFiles/CMakeTmp'
Building C object CMakeFiles/cmTC_03575.dir/CheckSymbolExists.c.o
/usr/bin/cc    -o CMakeFiles/cmTC_03575.dir/CheckSymbolExists.c.o   -c /home/panpan/workspace/catkin_ws/src/ped_is_despot/src/planner/build/CMakeFiles/CMakeTmp/CheckSymbolExists.c
Linking C executable cmTC_03575
/usr/local/bin/cmake -E cmake_link_script CMakeFiles/cmTC_03575.dir/link.txt --verbose=1
/usr/bin/cc      -rdynamic CMakeFiles/cmTC_03575.dir/CheckSymbolExists.c.o  -o cmTC_03575 
CMakeFiles/cmTC_03575.dir/CheckSymbolExists.c.o: In function `main':
CheckSymbolExists.c:(.text+0x16): undefined reference to `pthread_create'
collect2: error: ld returned 1 exit status
CMakeFiles/cmTC_03575.dir/build.make:97: recipe for target 'cmTC_03575' failed
make[1]: *** [cmTC_03575] Error 1
make[1]: Leaving directory '/home/panpan/workspace/catkin_ws/src/ped_is_despot/src/planner/build/CMakeFiles/CMakeTmp'
Makefile:126: recipe for target 'cmTC_03575/fast' failed
make: *** [cmTC_03575/fast] Error 2

File /home/panpan/workspace/catkin_ws/src/ped_is_despot/src/planner/build/CMakeFiles/CMakeTmp/CheckSymbolExists.c:
/* */
#include <pthread.h>

int main(int argc, char** argv)
{
  (void)argv;
#ifndef pthread_create
  return ((int*)(&pthread_create))[argc];
#else
  (void)argc;
  return 0;
#endif
}

Determining if the function pthread_create exists in the pthreads failed with the following output:
Change Dir: /home/panpan/workspace/catkin_ws/src/ped_is_despot/src/planner/build/CMakeFiles/CMakeTmp

Run Build Command:"/usr/bin/make" "cmTC_c95c7/fast"
/usr/bin/make -f CMakeFiles/cmTC_c95c7.dir/build.make CMakeFiles/cmTC_c95c7.dir/build
make[1]: Entering directory '/home/panpan/workspace/catkin_ws/src/ped_is_despot/src/planner/build/CMakeFiles/CMakeTmp'
Building C object CMakeFiles/cmTC_c95c7.dir/CheckFunctionExists.c.o
/usr/bin/cc   -DCHECK_FUNCTION_EXISTS=pthread_create   -o CMakeFiles/cmTC_c95c7.dir/CheckFunctionExists.c.o   -c /usr/local/share/cmake-3.9/Modules/CheckFunctionExists.c
Linking C executable cmTC_c95c7
/usr/local/bin/cmake -E cmake_link_script CMakeFiles/cmTC_c95c7.dir/link.txt --verbose=1
/usr/bin/cc  -DCHECK_FUNCTION_EXISTS=pthread_create    -rdynamic CMakeFiles/cmTC_c95c7.dir/CheckFunctionExists.c.o  -o cmTC_c95c7 -lpthreads 
/usr/bin/ld: cannot find -lpthreads
collect2: error: ld returned 1 exit status
CMakeFiles/cmTC_c95c7.dir/build.make:97: recipe for target 'cmTC_c95c7' failed
make[1]: *** [cmTC_c95c7] Error 1
make[1]: Leaving directory '/home/panpan/workspace/catkin_ws/src/ped_is_despot/src/planner/build/CMakeFiles/CMakeTmp'
Makefile:126: recipe for target 'cmTC_c95c7/fast' failed
make: *** [cmTC_c95c7/fast] Error 2


